<<<<<<< HEAD
This is pdfTeX, Version 3.14159265-2.6-1.40.18 (TeX Live 2017) (preloaded format=pdflatex 2017.5.23)  22 JAN 2018 21:16
=======
This is pdfTeX, Version 3.14159265-2.6-1.40.18 (MiKTeX 2.9.6500 64-bit) (preloaded format=pdflatex 2017.12.14)  22 JAN 2018 13:29
>>>>>>> f6d89be14b864acd62232980944a23f9e3aa540d
entering extended mode
**./draft1.tex
(draft1.tex
LaTeX2e <2017-04-15>
Babel <3.15> and hyphenation patterns for 75 language(s) loaded.
("C:\Program Files\MiKTeX 2.9\tex\latex\base\article.cls"
Document Class: article 2014/09/29 v1.4h Standard LaTeX document class
("C:\Program Files\MiKTeX 2.9\tex\latex\base\size10.clo"
File: size10.clo 2014/09/29 v1.4h Standard LaTeX file (size option)
)
\c@part=\count79
\c@section=\count80
\c@subsection=\count81
\c@subsubsection=\count82
\c@paragraph=\count83
\c@subparagraph=\count84
\c@figure=\count85
\c@table=\count86
\abovecaptionskip=\skip41
\belowcaptionskip=\skip42
\bibindent=\dimen102
)
("C:\Program Files\MiKTeX 2.9\tex\latex\multirow\multirow.sty"
Package: multirow 2016/11/25 v2.2 Span multiple rows of a table
\multirow@colwidth=\skip43
\multirow@cntb=\count87
\multirow@dima=\skip44
\bigstrutjot=\dimen103
)
("C:\Program Files\MiKTeX 2.9\tex\latex\graphics\color.sty"
Package: color 2016/07/10 v1.1e Standard LaTeX Color (DPC)

("C:\Program Files\MiKTeX 2.9\tex\latex\graphics-cfg\color.cfg"
File: color.cfg 2016/01/02 v1.6 sample color configuration
)
Package color Info: Driver file: pdftex.def on input line 147.

("C:\Program Files\MiKTeX 2.9\tex\latex\graphics-def\pdftex.def"
File: pdftex.def 2017/06/24 v1.0g Graphics/color driver for pdftex
))
("C:\Program Files\MiKTeX 2.9\tex\latex\soul\soul.sty"
Package: soul 2003/11/17 v2.4 letterspacing/underlining (mf)
\SOUL@word=\toks14
\SOUL@lasttoken=\toks15
\SOUL@cmds=\toks16
\SOUL@buffer=\toks17
\SOUL@token=\toks18
\SOUL@spaceskip=\skip45
\SOUL@ttwidth=\dimen104
\SOUL@uldp=\dimen105
\SOUL@ulht=\dimen106
)
("C:\Program Files\MiKTeX 2.9\tex\latex\tools\array.sty"
Package: array 2016/10/06 v2.4d Tabular extension package (FMi)
\col@sep=\dimen107
\extrarowheight=\dimen108
\NC@list=\toks19
\extratabsurround=\skip46
\backup@length=\skip47
)
("C:\Program Files\MiKTeX 2.9\tex\latex\caption\caption.sty"
Package: caption 2016/02/21 v3.3-144 Customizing captions (AR)

("C:\Program Files\MiKTeX 2.9\tex\latex\caption\caption3.sty"
Package: caption3 2016/05/22 v1.7-166 caption3 kernel (AR)
Package caption3 Info: TeX engine: e-TeX on input line 67.

("C:\Program Files\MiKTeX 2.9\tex\latex\graphics\keyval.sty"
Package: keyval 2014/10/28 v1.15 key=value parser (DPC)
\KV@toks@=\toks20
)
\captionmargin=\dimen109
\captionmargin@=\dimen110
\captionwidth=\dimen111
\caption@tempdima=\dimen112
\caption@indent=\dimen113
\caption@parindent=\dimen114
\caption@hangindent=\dimen115
)
\c@ContinuedFloat=\count88
)
(C:/PROGRA~1/R/R-34~1.3/share/texmf/tex/latex\Sweave.sty
Package: Sweave 

("C:\Program Files\MiKTeX 2.9\tex\latex\base\ifthen.sty"
Package: ifthen 2014/09/29 v1.1c Standard LaTeX ifthen package (DPC)
)
("C:\Program Files\MiKTeX 2.9\tex\latex\graphics\graphicx.sty"
Package: graphicx 2017/06/01 v1.1a Enhanced LaTeX Graphics (DPC,SPQR)

("C:\Program Files\MiKTeX 2.9\tex\latex\graphics\graphics.sty"
Package: graphics 2017/06/25 v1.2c Standard LaTeX Graphics (DPC,SPQR)

("C:\Program Files\MiKTeX 2.9\tex\latex\graphics\trig.sty"
Package: trig 2016/01/03 v1.10 sin cos tan (DPC)
)
("C:\Program Files\MiKTeX 2.9\tex\latex\graphics-cfg\graphics.cfg"
File: graphics.cfg 2016/06/04 v1.11 sample graphics configuration
)
Package graphics Info: Driver file: pdftex.def on input line 99.
)
\Gin@req@height=\dimen116
\Gin@req@width=\dimen117
)
("C:\Program Files\MiKTeX 2.9\tex\latex\fancyvrb\fancyvrb.sty"
Package: fancyvrb 2008/02/07

Style option: `fancyvrb' v2.7a, with DG/SPQR fixes, and firstline=lastline fix 
<2008/02/07> (tvz)
\FV@CodeLineNo=\count89
\FV@InFile=\read1
\FV@TabBox=\box26
\c@FancyVerbLine=\count90
\FV@StepNumber=\count91
\FV@OutFile=\write3
) ("C:\Program Files\MiKTeX 2.9\tex\latex\base\textcomp.sty"
Package: textcomp 2017/04/05 v2.0i Standard LaTeX package
Package textcomp Info: Sub-encoding information:
(textcomp)               5 = only ISO-Adobe without \textcurrency
(textcomp)               4 = 5 + \texteuro
(textcomp)               3 = 4 + \textohm
(textcomp)               2 = 3 + \textestimated + \textcurrency
(textcomp)               1 = TS1 - \textcircled - \t
(textcomp)               0 = TS1 (full)
(textcomp)             Font families with sub-encoding setting implement
(textcomp)             only a restricted character set as indicated.
(textcomp)             Family '?' is the default used for unknown fonts.
(textcomp)             See the documentation for details.
Package textcomp Info: Setting ? sub-encoding to TS1/1 on input line 79.

("C:\Program Files\MiKTeX 2.9\tex\latex\base\ts1enc.def"
File: ts1enc.def 2001/06/05 v3.0e (jk/car/fm) Standard LaTeX file
)
LaTeX Info: Redefining \oldstylenums on input line 334.
Package textcomp Info: Setting cmr sub-encoding to TS1/0 on input line 349.
Package textcomp Info: Setting cmss sub-encoding to TS1/0 on input line 350.
Package textcomp Info: Setting cmtt sub-encoding to TS1/0 on input line 351.
Package textcomp Info: Setting cmvtt sub-encoding to TS1/0 on input line 352.
Package textcomp Info: Setting cmbr sub-encoding to TS1/0 on input line 353.
Package textcomp Info: Setting cmtl sub-encoding to TS1/0 on input line 354.
Package textcomp Info: Setting ccr sub-encoding to TS1/0 on input line 355.
Package textcomp Info: Setting ptm sub-encoding to TS1/4 on input line 356.
Package textcomp Info: Setting pcr sub-encoding to TS1/4 on input line 357.
Package textcomp Info: Setting phv sub-encoding to TS1/4 on input line 358.
Package textcomp Info: Setting ppl sub-encoding to TS1/3 on input line 359.
Package textcomp Info: Setting pag sub-encoding to TS1/4 on input line 360.
Package textcomp Info: Setting pbk sub-encoding to TS1/4 on input line 361.
Package textcomp Info: Setting pnc sub-encoding to TS1/4 on input line 362.
Package textcomp Info: Setting pzc sub-encoding to TS1/4 on input line 363.
Package textcomp Info: Setting bch sub-encoding to TS1/4 on input line 364.
Package textcomp Info: Setting put sub-encoding to TS1/5 on input line 365.
Package textcomp Info: Setting uag sub-encoding to TS1/5 on input line 366.
Package textcomp Info: Setting ugq sub-encoding to TS1/5 on input line 367.
Package textcomp Info: Setting ul8 sub-encoding to TS1/4 on input line 368.
Package textcomp Info: Setting ul9 sub-encoding to TS1/4 on input line 369.
Package textcomp Info: Setting augie sub-encoding to TS1/5 on input line 370.
Package textcomp Info: Setting dayrom sub-encoding to TS1/3 on input line 371.
Package textcomp Info: Setting dayroms sub-encoding to TS1/3 on input line 372.

Package textcomp Info: Setting pxr sub-encoding to TS1/0 on input line 373.
Package textcomp Info: Setting pxss sub-encoding to TS1/0 on input line 374.
Package textcomp Info: Setting pxtt sub-encoding to TS1/0 on input line 375.
Package textcomp Info: Setting txr sub-encoding to TS1/0 on input line 376.
Package textcomp Info: Setting txss sub-encoding to TS1/0 on input line 377.
Package textcomp Info: Setting txtt sub-encoding to TS1/0 on input line 378.
Package textcomp Info: Setting lmr sub-encoding to TS1/0 on input line 379.
Package textcomp Info: Setting lmdh sub-encoding to TS1/0 on input line 380.
Package textcomp Info: Setting lmss sub-encoding to TS1/0 on input line 381.
Package textcomp Info: Setting lmssq sub-encoding to TS1/0 on input line 382.
Package textcomp Info: Setting lmvtt sub-encoding to TS1/0 on input line 383.
Package textcomp Info: Setting lmtt sub-encoding to TS1/0 on input line 384.
Package textcomp Info: Setting qhv sub-encoding to TS1/0 on input line 385.
Package textcomp Info: Setting qag sub-encoding to TS1/0 on input line 386.
Package textcomp Info: Setting qbk sub-encoding to TS1/0 on input line 387.
Package textcomp Info: Setting qcr sub-encoding to TS1/0 on input line 388.
Package textcomp Info: Setting qcs sub-encoding to TS1/0 on input line 389.
Package textcomp Info: Setting qpl sub-encoding to TS1/0 on input line 390.
Package textcomp Info: Setting qtm sub-encoding to TS1/0 on input line 391.
Package textcomp Info: Setting qzc sub-encoding to TS1/0 on input line 392.
Package textcomp Info: Setting qhvc sub-encoding to TS1/0 on input line 393.
Package textcomp Info: Setting futs sub-encoding to TS1/4 on input line 394.
Package textcomp Info: Setting futx sub-encoding to TS1/4 on input line 395.
Package textcomp Info: Setting futj sub-encoding to TS1/4 on input line 396.
Package textcomp Info: Setting hlh sub-encoding to TS1/3 on input line 397.
Package textcomp Info: Setting hls sub-encoding to TS1/3 on input line 398.
Package textcomp Info: Setting hlst sub-encoding to TS1/3 on input line 399.
Package textcomp Info: Setting hlct sub-encoding to TS1/5 on input line 400.
Package textcomp Info: Setting hlx sub-encoding to TS1/5 on input line 401.
Package textcomp Info: Setting hlce sub-encoding to TS1/5 on input line 402.
Package textcomp Info: Setting hlcn sub-encoding to TS1/5 on input line 403.
Package textcomp Info: Setting hlcw sub-encoding to TS1/5 on input line 404.
Package textcomp Info: Setting hlcf sub-encoding to TS1/5 on input line 405.
Package textcomp Info: Setting pplx sub-encoding to TS1/3 on input line 406.
Package textcomp Info: Setting pplj sub-encoding to TS1/3 on input line 407.
Package textcomp Info: Setting ptmx sub-encoding to TS1/4 on input line 408.
Package textcomp Info: Setting ptmj sub-encoding to TS1/4 on input line 409.
)
("C:\Program Files\MiKTeX 2.9\tex\latex\base\fontenc.sty"
Package: fontenc 2017/04/05 v2.0i Standard LaTeX package

("C:\Program Files\MiKTeX 2.9\tex\latex\base\t1enc.def"
File: t1enc.def 2017/04/05 v2.0i Standard LaTeX file
LaTeX Font Info:    Redeclaring font encoding T1 on input line 48.
))
("C:\Program Files\MiKTeX 2.9\tex\latex\ae\ae.sty"
Package: ae 2001/02/12 1.3 Almost European Computer Modern

("C:\Program Files\MiKTeX 2.9\tex\latex\base\fontenc.sty"
Package: fontenc 2017/04/05 v2.0i Standard LaTeX package

("C:\Program Files\MiKTeX 2.9\tex\latex\base\t1enc.def"
File: t1enc.def 2017/04/05 v2.0i Standard LaTeX file
LaTeX Font Info:    Redeclaring font encoding T1 on input line 48.
)
LaTeX Font Info:    Try loading font information for T1+aer on input line 105.

("C:\Program Files\MiKTeX 2.9\tex\latex\ae\t1aer.fd"
File: t1aer.fd 1997/11/16 Font definitions for T1/aer.
))))
No file draft1.aux.
\openout1 = `draft1.aux'.

LaTeX Font Info:    Checking defaults for OML/cmm/m/it on input line 9.
LaTeX Font Info:    ... okay on input line 9.
LaTeX Font Info:    Checking defaults for T1/cmr/m/n on input line 9.
LaTeX Font Info:    ... okay on input line 9.
LaTeX Font Info:    Checking defaults for OT1/cmr/m/n on input line 9.
LaTeX Font Info:    ... okay on input line 9.
LaTeX Font Info:    Checking defaults for OMS/cmsy/m/n on input line 9.
LaTeX Font Info:    ... okay on input line 9.
LaTeX Font Info:    Checking defaults for OMX/cmex/m/n on input line 9.
LaTeX Font Info:    ... okay on input line 9.
LaTeX Font Info:    Checking defaults for U/cmr/m/n on input line 9.
LaTeX Font Info:    ... okay on input line 9.
LaTeX Font Info:    Checking defaults for TS1/cmr/m/n on input line 9.
LaTeX Font Info:    Try loading font information for TS1+cmr on input line 9.
("C:\Program Files\MiKTeX 2.9\tex\latex\base\ts1cmr.fd"
File: ts1cmr.fd 2014/09/29 v2.5h Standard LaTeX font definitions
)
LaTeX Font Info:    ... okay on input line 9.

("C:\Program Files\MiKTeX 2.9\tex\context\base\supp-pdf.mkii"
[Loading MPS to PDF converter (version 2006.09.02).]
\scratchcounter=\count92
\scratchdimen=\dimen118
\scratchbox=\box27
\nofMPsegments=\count93
\nofMParguments=\count94
\everyMPshowfont=\toks21
\MPscratchCnt=\count95
\MPscratchDim=\dimen119
\MPnumerator=\count96
\makeMPintoPDFobject=\count97
\everyMPtoPDFconversion=\toks22
) ("C:\Program Files\MiKTeX 2.9\tex\latex\oberdiek\epstopdf-base.sty"
Package: epstopdf-base 2016/05/15 v2.6 Base part for package epstopdf

("C:\Program Files\MiKTeX 2.9\tex\generic\oberdiek\infwarerr.sty"
Package: infwarerr 2016/05/16 v1.4 Providing info/warning/error messages (HO)
)
("C:\Program Files\MiKTeX 2.9\tex\latex\oberdiek\grfext.sty"
Package: grfext 2016/05/16 v1.2 Manage graphics extensions (HO)

("C:\Program Files\MiKTeX 2.9\tex\generic\oberdiek\kvdefinekeys.sty"
Package: kvdefinekeys 2016/05/16 v1.4 Define keys (HO)

("C:\Program Files\MiKTeX 2.9\tex\generic\oberdiek\ltxcmds.sty"
Package: ltxcmds 2016/05/16 v1.23 LaTeX kernel commands for general use (HO)
)))
("C:\Program Files\MiKTeX 2.9\tex\latex\oberdiek\kvoptions.sty"
Package: kvoptions 2016/05/16 v3.12 Key value format for package options (HO)

("C:\Program Files\MiKTeX 2.9\tex\generic\oberdiek\kvsetkeys.sty"
Package: kvsetkeys 2016/05/16 v1.17 Key value parser (HO)

("C:\Program Files\MiKTeX 2.9\tex\generic\oberdiek\etexcmds.sty"
Package: etexcmds 2016/05/16 v1.6 Avoid name clashes with e-TeX commands (HO)

("C:\Program Files\MiKTeX 2.9\tex\generic\oberdiek\ifluatex.sty"
Package: ifluatex 2016/05/16 v1.4 Provides the ifluatex switch (HO)
Package ifluatex Info: LuaTeX not detected.
)
Package etexcmds Info: Could not find \expanded.
(etexcmds)             That can mean that you are not using pdfTeX 1.50 or
(etexcmds)             that some package has redefined \expanded.
(etexcmds)             In the latter case, load this package earlier.
)))
("C:\Program Files\MiKTeX 2.9\tex\generic\oberdiek\pdftexcmds.sty"
Package: pdftexcmds 2017/03/19 v0.25 Utility functions of pdfTeX for LuaTeX (HO
)

("C:\Program Files\MiKTeX 2.9\tex\generic\oberdiek\ifpdf.sty"
Package: ifpdf 2017/03/15 v3.2 Provides the ifpdf switch
)
Package pdftexcmds Info: LuaTeX not detected.
Package pdftexcmds Info: \pdf@primitive is available.
Package pdftexcmds Info: \pdf@ifprimitive is available.
Package pdftexcmds Info: \pdfdraftmode found.
)
Package epstopdf-base Info: Redefining graphics rule for `.eps' on input line 4
38.
Package grfext Info: Graphics extension search list:
(grfext)             [.pdf,.png,.jpg,.mps,.jpeg,.jbig2,.jb2,.PDF,.PNG,.JPG,.JPE
G,.JBIG2,.JB2,.eps]
(grfext)             \AppendGraphicsExtensions on input line 456.
)
Package caption Info: Begin \AtBeginDocument code.
Package caption Info: End \AtBeginDocument code.

(draft1-concordance.tex)
LaTeX Info: Redefining \bfseries on input line 13.
LaTeX Font Info:    External font `cmex10' loaded for size
(Font)              <7> on input line 24.
LaTeX Font Info:    External font `cmex10' loaded for size
(Font)              <5> on input line 24.


LaTeX Warning: Citation `Rechavi2011' on page 1 undefined on input line 35.

[1

{C:/Users/spileggi/AppData/Local/MiKTeX/2.9/pdftex/config/pdftex.map}]

LaTeX Warning: Citation `Bhat2014' on page 2 undefined on input line 44.


LaTeX Warning: Citation `Mahmud2013' on page 2 undefined on input line 44.


LaTeX Warning: Citation `Asaduzzaman2013' on page 2 undefined on input line 44.



LaTeX Warning: Citation `Weimer2007' on page 2 undefined on input line 46.


LaTeX Warning: Citation `Blumenstock' on page 2 undefined on input line 46.


LaTeX Warning: Citation `H.fu' on page 2 undefined on input line 46.


LaTeX Warning: Citation `Yao2015' on page 2 undefined on input line 46.


LaTeX Warning: Citation `Toba2014' on page 2 undefined on input line 46.


LaTeX Warning: Citation `Ponzanelli2014a' on page 2 undefined on input line 46.



LaTeX Warning: Citation `Ravi2014' on page 2 undefined on input line 46.


Overfull \hbox (21.63304pt too wide) in paragraph at lines 56--73
 [][] 
 []


<<<<<<< HEAD
LaTeX Warning: Citation `Kleinbaum2011' on page 2 undefined on input line 85.
=======
LaTeX Warning: Reference `table:variables' on page 2 undefined on input line 78
.


LaTeX Warning: Reference `table:questions' on page 2 undefined on input line 78
.
>>>>>>> f6d89be14b864acd62232980944a23f9e3aa540d

[2] [3]

<<<<<<< HEAD
LaTeX Warning: Citation `Bland1998' on page 4 undefined on input line 87.
=======
LaTeX Warning: Citation `Kleinbaum2011' on page 2 undefined on input line 85.

[2] [3]
>>>>>>> f6d89be14b864acd62232980944a23f9e3aa540d

LaTeX Warning: Citation `Bland1998' on page 4 undefined on input line 87.

<<<<<<< HEAD
LaTeX Warning: Citation `Moore2010' on page 4 undefined on input line 89.
=======
>>>>>>> f6d89be14b864acd62232980944a23f9e3aa540d

LaTeX Warning: Citation `Moore2010' on page 4 undefined on input line 89.

<<<<<<< HEAD
=======

>>>>>>> f6d89be14b864acd62232980944a23f9e3aa540d
LaTeX Warning: Citation `Rodriguez2010' on page 4 undefined on input line 89.


LaTeX Warning: Citation `Hammermeister1979' on page 4 undefined on input line 8
9.


LaTeX Warning: Citation `Harrell2015' on page 4 undefined on input line 89.


LaTeX Warning: Citation `Harrell2015' on page 4 undefined on input line 89.


Overfull \hbox (9.51704pt too wide) in paragraph at lines 89--90
[]\T1/aer/m/n/10 As the prob-a-bil-ity dis-tri-bu-tion for re-sponse times is u
n-known, a non-parametric
 []


LaTeX Warning: Citation `Chen' on page 4 undefined on input line 91.


LaTeX Warning: Citation `Oakes1981' on page 4 undefined on input line 91.


LaTeX Warning: Citation `Harrell2015' on page 4 undefined on input line 91.

[4]

LaTeX Warning: Citation `Grambsch1994' on page 5 undefined on input line 93.

LaTeX Font Info:    Try loading font information for T1+aett on input line 95.
<<<<<<< HEAD
(/usr/local/texlive/2017/texmf-dist/tex/latex/ae/t1aett.fd
File: t1aett.fd 1997/11/16 Font definitions for T1/aett.
)
<times_dist.pdf, id=22, 578.16pt x 361.35pt>
File: times_dist.pdf Graphic file (type pdf)
 <use times_dist.pdf>
Package pdftex.def Info: times_dist.pdf used on input line 105.
(pdftex.def)             Requested size: 578.15858pt x 361.34912pt.

<kmcurve.pdf, id=23, 578.16pt x 361.35pt>
File: kmcurve.pdf Graphic file (type pdf)
 <use kmcurve.pdf>
Package pdftex.def Info: kmcurve.pdf used on input line 112.
(pdftex.def)             Requested size: 578.15858pt x 361.34912pt.
=======
("C:\Program Files\MiKTeX 2.9\tex\latex\ae\t1aett.fd"
File: t1aett.fd 1997/11/16 Font definitions for T1/aett.
)
<times_dist.pdf, id=21, pagebox=cropbox, 578.16pt x 361.35pt>
File: times_dist.pdf Graphic file (type pdf)
<use times_dist.pdf>
Package pdftex.def Info: times_dist.pdf  used on input line 105. on input line 
105.
Package pdftex.def Info: Requested size: 578.15858pt x 361.34912pt on input lin
e 105.
<kmcurve.pdf, id=22, pagebox=cropbox, 578.16pt x 361.35pt>
File: kmcurve.pdf Graphic file (type pdf)
<use kmcurve.pdf>
Package pdftex.def Info: kmcurve.pdf  used on input line 112. on input line 112
.
Package pdftex.def Info: Requested size: 578.15858pt x 361.34912pt on input lin
e 112.
>>>>>>> f6d89be14b864acd62232980944a23f9e3aa540d

! Too many }'s.
l.117 ...l data). Of those questions, 4,951 (63.8}
                                                  \%) received an answer by ...
You've closed more groups than you opened.
Such booboos are generally harmless, so keep going.

<<<<<<< HEAD
[5] [6 <./times_dist.pdf> <./kmcurve.pdf>] [7]
=======

LaTeX Warning: Reference `fig:answertimes' on page 5 undefined on input line 11
7.

[5 <./times_dist.pdf>]

LaTeX Warning: Reference `fig:kmcurve' on page 6 undefined on input line 121.


LaTeX Warning: Reference `table:splines' on page 6 undefined on input line 169.


[6 <./kmcurve.pdf>] [7]

LaTeX Warning: Reference `table:cv' on page 8 undefined on input line 187.


LaTeX Warning: Reference `table:cv' on page 8 undefined on input line 187.


>>>>>>> f6d89be14b864acd62232980944a23f9e3aa540d
Overfull \hbox (22.07425pt too wide) in paragraph at lines 192--215
 [][] 
 []

<<<<<<< HEAD
[8]
LaTeX Font Info:    Try loading font information for TS1+aer on input line 226.
=======
>>>>>>> f6d89be14b864acd62232980944a23f9e3aa540d

LaTeX Warning: Reference `table:coefficients' on page 8 undefined on input line
 223.

LaTeX Font Info:    Try loading font information for TS1+aer on input line 226.

(C:/PROGRA~1/R/R-34~1.3/share/texmf/tex/latex\ts1aer.fd
File: ts1aer.fd 
)
LaTeX Font Info:    Font shape `TS1/aer/m/n' in size <10> not available
(Font)              Font shape `TS1/cmr/m/n' tried instead on input line 226.
<<<<<<< HEAD
[9]
=======
 [8] [9]
>>>>>>> f6d89be14b864acd62232980944a23f9e3aa540d
Overfull \hbox (90.93855pt too wide) in paragraph at lines 262--284
 [][] 
 []

[10]

<<<<<<< HEAD
LaTeX Warning: Citation `Bhat2014' on page 10 undefined on input line 295.
=======
LaTeX Warning: Reference `table:questions' on page 11 undefined on input line 2
87.
>>>>>>> f6d89be14b864acd62232980944a23f9e3aa540d

[11]

<<<<<<< HEAD
LaTeX Warning: Citation `Correa2013' on page 12 undefined on input line 325.
=======
LaTeX Warning: Citation `Bhat2014' on page 12 undefined on input line 295.
>>>>>>> f6d89be14b864acd62232980944a23f9e3aa540d

[12]

<<<<<<< HEAD
LaTeX Warning: Citation `Ravi2014' on page 12 undefined on input line 325.


=======
LaTeX Warning: Citation `Correa2013' on page 13 undefined on input line 325.


LaTeX Warning: Citation `Ravi2014' on page 13 undefined on input line 325.


LaTeX Warning: Reference `table:frequentterms' on page 13 undefined on input li
ne 327.


>>>>>>> f6d89be14b864acd62232980944a23f9e3aa540d
Overfull \hbox (21.63304pt too wide) in paragraph at lines 331--338
 [][] 
 []

[12]

LaTeX Warning: Citation `Bhat2014' on page 13 undefined on input line 346.

! Undefined control sequence.
l.352 ...d off of findings and methods from \citep
                                                  {Bhat2014} and \citep{Harp...
The control sequence at the end of the top line
of your error message was never \def'ed. If you have
misspelled it (e.g., `\hobx'), type `I' and the correct
spelling (e.g., `I\hbox'). Otherwise just continue,
and I'll forget about whatever was undefined.

! Undefined control sequence.
l.352 ... methods from \citep{Bhat2014} and \citep
                                                  {Harper2008}.
The control sequence at the end of the top line
of your error message was never \def'ed. If you have
misspelled it (e.g., `\hobx'), type `I' and the correct
spelling (e.g., `I\hbox'). Otherwise just continue,
and I'll forget about whatever was undefined.
<<<<<<< HEAD
=======

[13] [14] (draft1.bbl) [15] (draft1.aux)

LaTeX Warning: There were undefined references.
>>>>>>> f6d89be14b864acd62232980944a23f9e3aa540d


LaTeX Warning: Label(s) may have changed. Rerun to get cross-references right.

 ) 
Here is how much of TeX's memory you used:
<<<<<<< HEAD
 4152 strings out of 492995
 63560 string characters out of 6132704
 129539 words of memory out of 5000000
 7617 multiletter control sequences out of 15000+600000
 26594 words of font info for 53 fonts, out of 8000000 for 9000
 1141 hyphenation exceptions out of 8191
 39i,13n,39p,2005b,278s stack positions out of 5000i,500n,10000p,200000b,80000s
{/usr/local/texlive/2017/texmf-dist/fonts/enc/dvips/cm-super/cm-super-ts1.enc
}</usr/local/texlive/2017/texmf-dist/fonts/type1/public/amsfonts/cm/cmbx10.pfb>
</usr/local/texlive/2017/texmf-dist/fonts/type1/public/amsfonts/cm/cmbx12.pfb><
/usr/local/texlive/2017/texmf-dist/fonts/type1/public/amsfonts/cm/cmbx7.pfb></u
sr/local/texlive/2017/texmf-dist/fonts/type1/public/amsfonts/cm/cmbxti10.pfb></
usr/local/texlive/2017/texmf-dist/fonts/type1/public/amsfonts/cm/cmmi10.pfb></u
sr/local/texlive/2017/texmf-dist/fonts/type1/public/amsfonts/cm/cmmib10.pfb></u
sr/local/texlive/2017/texmf-dist/fonts/type1/public/amsfonts/cm/cmr10.pfb></usr
/local/texlive/2017/texmf-dist/fonts/type1/public/amsfonts/cm/cmr7.pfb></usr/lo
cal/texlive/2017/texmf-dist/fonts/type1/public/amsfonts/cm/cmti10.pfb></usr/loc
al/texlive/2017/texmf-dist/fonts/type1/public/amsfonts/cm/cmtt10.pfb></usr/loca
l/texlive/2017/texmf-dist/fonts/type1/public/cm-super/sfrm1000.pfb>
Output written on draft1.pdf (14 pages, 223002 bytes).
PDF statistics:
 111 PDF objects out of 1000 (max. 8388607)
 78 compressed objects within 1 object stream
=======
 4095 strings out of 493312
 62257 string characters out of 3138889
 126456 words of memory out of 3000000
 7559 multiletter control sequences out of 15000+200000
 26594 words of font info for 53 fonts, out of 3000000 for 9000
 1141 hyphenation exceptions out of 8191
 41i,13n,39p,2007b,402s stack positions out of 5000i,500n,10000p,200000b,50000s
 <C:\Users\spileggi\AppData\Local\MiKTeX\2.9\fonts\pk\ljfour\jknappen\ec\dpi6
00\tcrm1000.pk><C:/Program Files/MiKTeX 2.9/fonts/type1/public/amsfonts/cm/cmbx
10.pfb><C:/Program Files/MiKTeX 2.9/fonts/type1/public/amsfonts/cm/cmbx12.pfb><
C:/Program Files/MiKTeX 2.9/fonts/type1/public/amsfonts/cm/cmbx7.pfb><C:/Progra
m Files/MiKTeX 2.9/fonts/type1/public/amsfonts/cm/cmbxti10.pfb><C:/Program File
s/MiKTeX 2.9/fonts/type1/public/amsfonts/cm/cmmi10.pfb><C:/Program Files/MiKTeX
 2.9/fonts/type1/public/amsfonts/cm/cmmib10.pfb><C:/Program Files/MiKTeX 2.9/fo
nts/type1/public/amsfonts/cm/cmr10.pfb><C:/Program Files/MiKTeX 2.9/fonts/type1
/public/amsfonts/cm/cmr7.pfb><C:/Program Files/MiKTeX 2.9/fonts/type1/public/am
sfonts/cm/cmti10.pfb><C:/Program Files/MiKTeX 2.9/fonts/type1/public/amsfonts/c
m/cmtt10.pfb>
Output written on draft1.pdf (15 pages, 229467 bytes).
PDF statistics:
 112 PDF objects out of 1000 (max. 8388607)
>>>>>>> f6d89be14b864acd62232980944a23f9e3aa540d
 0 named destinations out of 1000 (max. 500000)
 15 words of extra memory for PDF output out of 10000 (max. 10000000)

