This is pdfTeX, Version 3.14159265-2.6-1.40.18 (TeX Live 2017) (preloaded format=pdflatex 2017.5.23)  21 SEP 2017 21:20
entering extended mode
 restricted \write18 enabled.
 %&-line parsing enabled.
**roughdraft.tex
(./roughdraft.tex
LaTeX2e <2017-04-15>
Babel <3.10> and hyphenation patterns for 84 language(s) loaded.
(/usr/local/texlive/2017/texmf-dist/tex/latex/base/article.cls
Document Class: article 2014/09/29 v1.4h Standard LaTeX document class
(/usr/local/texlive/2017/texmf-dist/tex/latex/base/size12.clo
File: size12.clo 2014/09/29 v1.4h Standard LaTeX file (size option)
)
\c@part=\count79
\c@section=\count80
\c@subsection=\count81
\c@subsubsection=\count82
\c@paragraph=\count83
\c@subparagraph=\count84
\c@figure=\count85
\c@table=\count86
\abovecaptionskip=\skip41
\belowcaptionskip=\skip42
\bibindent=\dimen102
)
(/usr/local/texlive/2017/texmf-dist/tex/latex/natbib/natbib.sty
Package: natbib 2010/09/13 8.31b (PWD, AO)
\bibhang=\skip43
\bibsep=\skip44
LaTeX Info: Redefining \cite on input line 694.
\c@NAT@ctr=\count87
)
(/usr/local/texlive/2017/texmf-dist/tex/latex/parskip/parskip.sty
Package: parskip 2001/04/09 non-zero parskip adjustments
)
(./roughdraft.aux)
\openout1 = `roughdraft.aux'.

LaTeX Font Info:    Checking defaults for OML/cmm/m/it on input line 20.
LaTeX Font Info:    ... okay on input line 20.
LaTeX Font Info:    Checking defaults for T1/cmr/m/n on input line 20.
LaTeX Font Info:    ... okay on input line 20.
LaTeX Font Info:    Checking defaults for OT1/cmr/m/n on input line 20.
LaTeX Font Info:    ... okay on input line 20.
LaTeX Font Info:    Checking defaults for OMS/cmsy/m/n on input line 20.
LaTeX Font Info:    ... okay on input line 20.
LaTeX Font Info:    Checking defaults for OMX/cmex/m/n on input line 20.
LaTeX Font Info:    ... okay on input line 20.
LaTeX Font Info:    Checking defaults for U/cmr/m/n on input line 20.
LaTeX Font Info:    ... okay on input line 20.
LaTeX Font Info:    External font `cmex10' loaded for size
(Font)              <14.4> on input line 22.
LaTeX Font Info:    External font `cmex10' loaded for size
(Font)              <7> on input line 22.
 [1

{/usr/local/texlive/2017/texmf-var/fonts/map/pdftex/updmap/pdftex.map}] [2]
Missing character: There is no ‚ in font cmr12!
Missing character: There is no Ä in font cmr12!
Missing character: There is no ú in font cmr12!
Missing character: There is no ‚ in font cmr12!
Missing character: There is no Ä in font cmr12!
Missing character: There is no ù in font cmr12!
Missing character: There is no ‚ in font cmr12!
Missing character: There is no Ä in font cmr12!
Missing character: There is no ú in font cmr12!
Missing character: There is no ‚ in font cmr12!
Missing character: There is no Ä in font cmr12!
Missing character: There is no ù in font cmr12!
Missing character: There is no ‚ in font cmr12!
Missing character: There is no Ä in font cmr12!
Missing character: There is no ú in font cmr12!
Missing character: There is no ‚ in font cmr12!
Missing character: There is no Ä in font cmr12!
Missing character: There is no ù in font cmr12!
Missing character: There is no ‚ in font cmr12!
Missing character: There is no Ä in font cmr12!
Missing character: There is no ú in font cmr12!
Missing character: There is no ‚ in font cmr12!
Missing character: There is no Ä in font cmr12!
Missing character: There is no ù in font cmr12!
Missing character: There is no ‚ in font cmr12!
Missing character: There is no Ä in font cmr12!
Missing character: There is no ú in font cmr12!
Missing character: There is no ‚ in font cmr12!
Missing character: There is no Ä in font cmr12!
Missing character: There is no ù in font cmr12!
Missing character: There is no ‚ in font cmr12!
Missing character: There is no Ä in font cmr12!
Missing character: There is no ú in font cmr12!
Missing character: There is no ‚ in font cmr12!
Missing character: There is no Ä in font cmr12!
Missing character: There is no ù in font cmr12!

! Missing $ inserted.
<inserted text> 
                $
l.54 Containanswered and contain_
                                 unanswered were created based off of the id...
I've inserted a begin-math/end-math symbol since I think
you left one out. Proceed, with fingers crossed.

LaTeX Font Info:    External font `cmex10' loaded for size
(Font)              <12> on input line 54.
LaTeX Font Info:    External font `cmex10' loaded for size
(Font)              <8> on input line 54.
LaTeX Font Info:    External font `cmex10' loaded for size
(Font)              <6> on input line 54.
! Missing $ inserted.
<inserted text> 
                $
l.55 
     
I've inserted a begin-math/end-math symbol since I think
you left one out. Proceed, with fingers crossed.

Missing character: There is no ‚ in font cmr12!
Missing character: There is no Ä in font cmr12!
Missing character: There is no ô in font cmr12!
Missing character: There is no ‚ in font cmr12!
Missing character: There is no Ä in font cmr12!
Missing character: There is no ô in font cmr12!
Missing character: There is no ‚ in font cmr12!
Missing character: There is no Ä in font cmr12!
Missing character: There is no î in font cmr12!
Missing character: There is no ‚ in font cmr12!
Missing character: There is no Ä in font cmr12!
Missing character: There is no ô in font cmr12!
Missing character: There is no ‚ in font cmr12!
Missing character: There is no Ä in font cmr12!
Missing character: There is no ô in font cmr12!
Missing character: There is no ‚ in font cmr12!
Missing character: There is no Ä in font cmr12!
Missing character: There is no ú in font cmr12!
Missing character: There is no ‚ in font cmr12!
Missing character: There is no Ä in font cmr12!
Missing character: There is no ù in font cmr12!
Missing character: There is no ‚ in font cmr12!
Missing character: There is no Ä in font cmr12!
Missing character: There is no ú in font cmr12!
Missing character: There is no ‚ in font cmr12!
Missing character: There is no Ä in font cmr12!
Missing character: There is no ù in font cmr12!
Missing character: There is no ‚ in font cmr12!
Missing character: There is no Ä in font cmr12!
Missing character: There is no ô in font cmr12!

Overfull \hbox (10013.40901pt too wide) in paragraph at lines 54--55
[]\OT1/cmr/m/n/12 Containanswered and contain$[]\OML/cmm/m/it/12 nansweredwerec
reatedbasedoffoftheideathatcertainkeywordswouldbemorelikelytocatchanuserseye; a
ndwouldmakethemgetansweredmorequickly:Thiswasalsobasedontheideathatcertainwords
mightalsonotbeaspopular; andwouldbecommonamongstquestionsthatremainedunanswered
:Assuch; contain[]nsweredandcontain[]nansweredarelogicalvariablesindicatingtrue
ifaquestionstitlecontainsatermthatisconsideredfrequentlyusedamongansweredorunan
sweredquestions; respectively:Tocreatethesevariables; thedatasetwasseparatedbet
weenansweredandunansweredquestions:Foreachset; theoccurrenceofeachwordineveryti
tlewassummedtogetthefrequenciesofeachword:Thus; wehadatwolistsofwordsoneconsist
ingofthewordswithinansweredquestionstitlesandtheirfrequencies; andtheotherconsi
stingofthewordswithinunansweredquestionstitlesandtheirfrequencies:Fromthesetwol
ists; ruleswereappliedtodetermineifawordcanbeconsideredfrequentlyused:Forfreque
ntlyusedwordsinansweredquestions; thatwordwouldhavetoappearinmorethan\OT1/cmr/m
/n/12 1\OML/cmm/m/it/12 percentofthetitles; andwouldhavetohavearatioofgreaterth
an\OT1/cmr/m/n/12 1\OML/cmm/m/it/12 :Forawordtobeconsideredfrequentlyusedamongu
nansweredquestions; thatwordwouldhavetoappearinmorethan\OT1/cmr/m/n/12 1\OML/cm
m/m/it/12 percentofthequestion; andwouldhavetohavearatiooflessthsan\OT1/cmr/m/n
/12 1\OML/cmm/m/it/12 :Thus; weendedupwithtwosetsofwords; onesetcontainedthemos
tfrequentlyusedwordsinansweredquestions; andtheothersetcontainedthemostfreuqnel
tyusedwordsinunansweredquestions:Sincetherewassomeoverlapbetweenthewordsandthed
evicesandcategorylevels; anywordsthatmatchedwithacategorywereremoved:Thatresult
edinlistsof\OT1/cmr/m/n/12 111\OML/cmm/m/it/12 wordsforansweredquestions; and\O
T1/cmr/m/n/12 32\OML/cmm/m/it/12 wordsforunansweredquestions:Contain[]nsweredin
dicatedtrueifaquestionstitlecontainedatleastoneofthewordsfromthefrequentlyusedw
ordsamongtheansweredquestions:Contain[]nansweredindicatedtrueifaquestionstitlec
ontainedatleastoneofthewordsfromthefrequentlyusedwordsamongtheansweredquestions
:$ 
 []

! Missing $ inserted.
<inserted text> 
                $
l.56 Title_
           questionmark and title_beginwh
I've inserted a begin-math/end-math symbol since I think
you left one out. Proceed, with fingers crossed.

! Missing $ inserted.
<inserted text> 
                $
l.58 
     
I've inserted a begin-math/end-math symbol since I think
you left one out. Proceed, with fingers crossed.

Missing character: There is no ‚ in font cmr12!
Missing character: There is no Ä in font cmr12!
Missing character: There is no ú in font cmr12!
Missing character: There is no ‚ in font cmr12!
Missing character: There is no Ä in font cmr12!
Missing character: There is no ù in font cmr12!
Missing character: There is no ‚ in font cmr12!
Missing character: There is no Ä in font cmr12!
Missing character: There is no ú in font cmr12!
Missing character: There is no ‚ in font cmr12!
Missing character: There is no Ä in font cmr12!
Missing character: There is no ù in font cmr12!
Missing character: There is no ‚ in font cmr12!
Missing character: There is no Ä in font cmr12!
Missing character: There is no ú in font cmr12!
Missing character: There is no ‚ in font cmr12!
Missing character: There is no Ä in font cmr12!
Missing character: There is no ù in font cmr12!

Overfull \hbox (1572.1695pt too wide) in paragraph at lines 56--58
[]\OT1/cmr/m/n/12 Title$[]\OML/cmm/m/it/12 uestionmarkandtitle[]eginwhThesetwov
ariableswerecreatedtodetermineifstatingthetitleintheformofaquestionisassociated
withfasteranswertimes:Title[]uestionmarkisalogicalvariableindicatingtrueifthequ
estionendsinaquestionmark:Title[]eginwhisalogicalvariableindicatingtrueifthetit
lebeginswithawhword; likewhatorwhen:Thesevariablesweretakenfromminedyourowntags
$ 
 []

! Missing $ inserted.
<inserted text> 
                $
l.59 Text_
          contain_punct.
I've inserted a begin-math/end-math symbol since I think
you left one out. Proceed, with fingers crossed.

! Missing $ inserted.
<inserted text> 
                $
l.61 
     
I've inserted a begin-math/end-math symbol since I think
you left one out. Proceed, with fingers crossed.

Missing character: There is no ‚ in font cmr12!
Missing character: There is no Ä in font cmr12!
Missing character: There is no ô in font cmr12!

Overfull \hbox (358.79845pt too wide) in paragraph at lines 59--61
[]\OT1/cmr/m/n/12 Text$[]\OML/cmm/m/it/12 ontain[]unct:Thisisalogicalvariablein
dicatingtrueifthequestionstextcontainsanyendpunctuationmarks\OT1/cmr/m/n/12 (\O
ML/cmm/m/it/12 :\OT1/cmr/m/n/12 ?!)\OML/cmm/m/it/12 :Thisvariablewascreatedtoin
vestigateifrun \OMS/cmsy/m/n/12 ^^@
 []

! Missing $ inserted.
<inserted text> 
                $
l.62 Text_
          all_lower
I've inserted a begin-math/end-math symbol since I think
you left one out. Proceed, with fingers crossed.

! Missing $ inserted.
<inserted text> 
                $
l.64 
     
I've inserted a begin-math/end-math symbol since I think
you left one out. Proceed, with fingers crossed.


Overfull \hbox (35.51512pt too wide) in paragraph at lines 62--64
[]\OT1/cmr/m/n/12 Text$[]\OML/cmm/m/it/12 ll[]owerThisisalogicalvariableindicat
ingtrueifthetextofthequestionisinalllowercase:$ 
 []

Missing character: There is no ‚ in font cmr12!
Missing character: There is no Ä in font cmr12!
Missing character: There is no ú in font cmr12!
Missing character: There is no ‚ in font cmr12!
Missing character: There is no Ä in font cmr12!
Missing character: There is no ù in font cmr12!
Missing character: There is no ‚ in font cmr12!
Missing character: There is no Ä in font cmr12!
Missing character: There is no ú in font cmr12!
Missing character: There is no ‚ in font cmr12!
Missing character: There is no Ä in font cmr12!
Missing character: There is no ù in font cmr12!
Missing character: There is no ‚ in font cmr12!
Missing character: There is no Ä in font cmr12!
Missing character: There is no ú in font cmr12!
Missing character: There is no ‚ in font cmr12!
Missing character: There is no Ä in font cmr12!
Missing character: There is no ù in font cmr12!
Missing character: There is no ‚ in font cmr12!
Missing character: There is no Ä in font cmr12!
Missing character: There is no ú in font cmr12!
Missing character: There is no ‚ in font cmr12!
Missing character: There is no Ä in font cmr12!
Missing character: There is no ù in font cmr12!
Missing character: There is no ‚ in font cmr12!
Missing character: There is no Ä in font cmr12!
Missing character: There is no ú in font cmr12!
Missing character: There is no ‚ in font cmr12!
Missing character: There is no Ä in font cmr12!
Missing character: There is no ù in font cmr12!
! Missing $ inserted.
<inserted text> 
                $
l.73 Prior_
           effort
I've inserted a begin-math/end-math symbol since I think
you left one out. Proceed, with fingers crossed.

! Missing $ inserted.
<inserted text> 
                $
l.75 
     
I've inserted a begin-math/end-math symbol since I think
you left one out. Proceed, with fingers crossed.

Missing character: There is no ‚ in font cmr12!
Missing character: There is no Ä in font cmr12!
Missing character: There is no ú in font cmr12!
Missing character: There is no ‚ in font cmr12!
Missing character: There is no Ä in font cmr12!
Missing character: There is no ù in font cmr12!
Missing character: There is no ‚ in font cmr12!
Missing character: There is no Ä in font cmr12!
Missing character: There is no ú in font cmr12!
Missing character: There is no ‚ in font cmr12!
Missing character: There is no Ä in font cmr12!
Missing character: There is no ù in font cmr12!
Missing character: There is no ‚ in font cmr12!
Missing character: There is no Ä in font cmr12!
Missing character: There is no ú in font cmr12!
Missing character: There is no ‚ in font cmr12!
Missing character: There is no Ä in font cmr12!
Missing character: There is no ù in font cmr12!

Overfull \hbox (591.86253pt too wide) in paragraph at lines 73--75
[]\OT1/cmr/m/n/12 Prior$[]\OML/cmm/m/it/12 ffortLogicalvariableindicatingtrueif
theaskerusedlanguagethatindicatesthatprioreffortorresearchwasdonebeforeaskingth
equestion:\OT1/cmr/m/n/12 (\OML/cmm/m/it/12 e:g:tried; attempted; tested\OT1/cm
r/m/n/12 )\OML/cmm/m/it/12 :Thisvariablewasinspiredby$ 
 []

Missing character: There is no ‚ in font cmr12!
Missing character: There is no Ä in font cmr12!
Missing character: There is no ú in font cmr12!
Missing character: There is no ‚ in font cmr12!
Missing character: There is no Ä in font cmr12!
Missing character: There is no ù in font cmr12!
Missing character: There is no ‚ in font cmr12!
Missing character: There is no Ä in font cmr12!
Missing character: There is no ú in font cmr12!
Missing character: There is no ‚ in font cmr12!
Missing character: There is no Ä in font cmr12!
Missing character: There is no ù in font cmr12!
! Missing $ inserted.
<inserted text> 
                $
l.82 Avg_
         tag_score
I've inserted a begin-math/end-math symbol since I think
you left one out. Proceed, with fingers crossed.

! Missing $ inserted.
<inserted text> 
                $
l.84 
     
I've inserted a begin-math/end-math symbol since I think
you left one out. Proceed, with fingers crossed.

Missing character: There is no ‚ in font cmr12!
Missing character: There is no Ä in font cmr12!
Missing character: There is no ú in font cmr12!
Missing character: There is no ‚ in font cmr12!
Missing character: There is no Ä in font cmr12!
Missing character: There is no ù in font cmr12!
Missing character: There is no ‚ in font cmr12!
Missing character: There is no Ä in font cmr12!
Missing character: There is no ô in font cmr12!
Missing character: There is no ‚ in font cmr12!
Missing character: There is no Ä in font cmr12!
Missing character: There is no ú in font cmr12!
Missing character: There is no ‚ in font cmr12!
Missing character: There is no Ä in font cmr12!
Missing character: There is no ù in font cmr12!

Overfull \hbox (1267.98073pt too wide) in paragraph at lines 82--84
[]\OT1/cmr/m/n/12 Avg$[]\OML/cmm/m/it/12 ag[]coreThefrequencyorscoreofatagisdef
inedastheproportionoftimesthattagappearsinthedataset:Thisvariableistheaverageof
allofaquestionstagscoresorfrequencies:Thisvariablewascreatedtoinvestigateifques
tionsthatincludepopulartags; ortagsthatareusedfrequently; havefasteranswertimes
:Thisvariablewasinspiredby$ 
 []

! Missing $ inserted.
<inserted text> 
                $
l.85 Text_
          length
I've inserted a begin-math/end-math symbol since I think
you left one out. Proceed, with fingers crossed.

! Missing $ inserted.
<inserted text> 
                $
l.87 
     
I've inserted a begin-math/end-math symbol since I think
you left one out. Proceed, with fingers crossed.

! Missing $ inserted.
<inserted text> 
                $
l.88 Device_
            length
I've inserted a begin-math/end-math symbol since I think
you left one out. Proceed, with fingers crossed.

! Missing $ inserted.
<inserted text> 
                $
l.90 
     
I've inserted a begin-math/end-math symbol since I think
you left one out. Proceed, with fingers crossed.

Missing character: There is no ‚ in font cmr12!
Missing character: There is no Ä in font cmr12!
Missing character: There is no ú in font cmr12!
Missing character: There is no ‚ in font cmr12!
Missing character: There is no Ä in font cmr12!
Missing character: There is no ù in font cmr12!
Missing character: There is no ‚ in font cmr12!
Missing character: There is no Ä in font cmr12!
Missing character: There is no ô in font cmr12!

Overfull \hbox (670.31342pt too wide) in paragraph at lines 88--90
[]\OT1/cmr/m/n/12 Device$[]\OML/cmm/m/it/12 engthThenumberofcharactersintheuser
 \OMS/cmsy/m/n/12 ^^@ \OML/cmm/m/it/12 defineddevicevariable:Thisvariablewasinc
ludedtocapturewhenauserincorrectlyinputstheirdevice:Forexample; question\OT1/cm
r/m/n/12 390271\OML/cmm/m/it/12 includesadevicethatis\OT1/cmr/m/n/12 136\OML/cm
m/m/it/12 characterslong \OMS/cmsy/m/n/12 ^^@
 []


Overfull \hbox (20.57582pt too wide) in paragraph at lines 88--90
\OMS/cmsy/m/n/12 ^^@\OML/cmm/m/it/12 TurtleBeachEarForceXmygrandsonchewedthroug
hthewirewhilewewasplayingit[]sbrand \OMS/cmsy/m/n/12 ^^@
 []


Overfull \hbox (273.54924pt too wide) in paragraph at lines 88--90
\OML/cmm/m/it/12 newisthereanywayIcanhaveitfixedOOne:\OT1/cmr/m/n/12 11\OML/cmm
/m/it/12 questionsalsodidntincludeanydevicename:thisvariablewascreatedtocapture
theseusererrors$ 
 []

! Missing $ inserted.
<inserted text> 
                $
l.91 Avg_
         tag_length
I've inserted a begin-math/end-math symbol since I think
you left one out. Proceed, with fingers crossed.

! Missing $ inserted.
<inserted text> 
                $
l.93 
     
I've inserted a begin-math/end-math symbol since I think
you left one out. Proceed, with fingers crossed.

Missing character: There is no ‚ in font cmr12!
Missing character: There is no Ä in font cmr12!
Missing character: There is no ú in font cmr12!
Missing character: There is no ‚ in font cmr12!
Missing character: There is no Ä in font cmr12!
Missing character: There is no ù in font cmr12!

Overfull \hbox (53.44667pt too wide) in paragraph at lines 91--93
[]\OT1/cmr/m/n/12 Avg$[]\OML/cmm/m/it/12 ag[]engthTheaveragenumberofcharactersi
ntheuser \OMS/cmsy/m/n/12 ^^@ \OML/cmm/m/it/12 definedtags:Thisvariable; liketh
edevice \OMS/cmsy/m/n/12 ^^@
 []


Overfull \hbox (249.29832pt too wide) in paragraph at lines 91--93
\OML/cmm/m/it/12 lengthvariable; wascreatedtocapturewhenauserincorrectlyusedthe
taggingsystem:Anexampleofanincorrecttagisquestion\OT1/cmr/m/n/12 390989\OML/cmm
/m/it/12 andsays \OT1/cmr/m/n/12 :
 []


Overfull \hbox (273.18336pt too wide) in paragraph at lines 91--93
\OML/cmm/m/it/12 ineedtorepairtheheadsetbecauseicannotfindthebluetootandcomesot
\OT1/cmr/m/n/12 64\OML/cmm/m/it/12 charahcters:Ifaquestiondidnotincludeatag; th
isvariablewassetto\OT1/cmr/m/n/12 0\OML/cmm/m/it/12 :$ 
 []

! Missing $ inserted.
<inserted text> 
                $
l.94 Newline_
             ratio
I've inserted a begin-math/end-math symbol since I think
you left one out. Proceed, with fingers crossed.

! Missing $ inserted.
<inserted text> 
                $
l.96 
     
I've inserted a begin-math/end-math symbol since I think
you left one out. Proceed, with fingers crossed.

Missing character: There is no ‚ in font cmr12!
Missing character: There is no Ä in font cmr12!
Missing character: There is no ô in font cmr12!

Overfull \hbox (1457.07289pt too wide) in paragraph at lines 94--96
[]\OT1/cmr/m/n/12 Newline$[]\OML/cmm/m/it/12 atioThisvariableiscalculatedasther
atioofthenumberofnewlinesaquestionincludes; overthenumberofcharactersinthequest
ionstext:Thisvariablewasincludedontheassumptionthatquestionswithtextthatismorer
eadablegetfasteranswertimes:Questionswithlongtextandalsoincludenewlinesaregener
allyeasiertoreadthanquestionsthatdontincludeanynewlines:$ 
 []

[3]
! Missing $ inserted.
<inserted text> 
                $
l.99 ...rd assumption. The square root of the avg_
                                                  tag_score was entered. Vie...
I've inserted a begin-math/end-math symbol since I think
you left one out. Proceed, with fingers crossed.

! Missing $ inserted.
<inserted text> 
                $
l.100 
      
I've inserted a begin-math/end-math symbol since I think
you left one out. Proceed, with fingers crossed.


Overfull \hbox (3356.24327pt too wide) in paragraph at lines 99--100
\OT1/cmr/m/n/12 tion. The square root of the avg$[]\OML/cmm/m/it/12 ag[]corewas
entered:Viewingtheplotofanswertimesagainsttheavg[]ag[]creovariableindicatedheav
yskewing:Takingthesquarerootofthisvariablehelpedpullinthelargervalues:Thequadra
tictermwasincludedfortext[]ength:Thiswasincluded; sinceitwashypothesizedthattex
tsthatwereeithertooshortortoolongwouldhavehigheranswertimes:Inotherwords; there
mightbeasweetspotonthetext[]enght:Restrictedcubicsplineswereincludedfordevice[]
ength; avg[]ag[]ength; andnewline[]atio:Themethodforfittingthesevariableswastak
enfromfrankharrelstextbook:Thesevariableswerefitasrestrictedcubicsplineswith\OT
1/cmr/m/n/12 5\OML/cmm/m/it/12 knotsinitially:Thefinalincludes\OT1/cmr/m/n/12 5
\OML/cmm/m/it/12 ; \OT1/cmr/m/n/12 4\OML/cmm/m/it/12 ; and\OT1/cmr/m/n/12 4\OML
/cmm/m/it/12 knots; asthismodelwiththisnumberofknotshadthelowestAic:$ 
 []

Missing character: There is no ‚ in font cmr12!
Missing character: There is no Ä in font cmr12!
Missing character: There is no ô in font cmr12!
Missing character: There is no ‚ in font cmr12!
Missing character: There is no Ä in font cmr12!
Missing character: There is no ô in font cmr12!
[4]
! Missing $ inserted.
<inserted text> 
                $
l.120 ...ith a p-value of less than 0.01 are: new_
                                                  category (apple product, c...
I've inserted a begin-math/end-math symbol since I think
you left one out. Proceed, with fingers crossed.

! Missing $ inserted.
<inserted text> 
                $
l.121 
      
I've inserted a begin-math/end-math symbol since I think
you left one out. Proceed, with fingers crossed.


Overfull \hbox (459.13234pt too wide) in paragraph at lines 120--121
\OT1/cmr/m/n/12 new$[]\OML/cmm/m/it/12 ategory\OT1/cmr/m/n/12 (\OML/cmm/m/it/12
 appleproduct; camera; gameconsole; home; pc; andvehical\OT1/cmr/m/n/12 )\OML/c
mm/m/it/12 ; contain[]nanswered; title[]uesitonmark; update; prior[]ffort; avg[
]ag[]coreandthesplineonavg[]ag[]ength:$ 
 []

(./roughdraft.bbl) [5] (./roughdraft.aux) ) 
Here is how much of TeX's memory you used:
 593 strings out of 492995
 7041 string characters out of 6132704
 67623 words of memory out of 5000000
 4210 multiletter control sequences out of 15000+600000
 8848 words of font info for 31 fonts, out of 8000000 for 9000
 1141 hyphenation exceptions out of 8191
 22i,6n,20p,2217b,181s stack positions out of 5000i,500n,10000p,200000b,80000s
</usr/local/texlive/2017/texmf-dist/
fonts/type1/public/amsfonts/cm/cmbx12.pfb></usr/local/texlive/2017/texmf-dist/f
onts/type1/public/amsfonts/cm/cmmi12.pfb></usr/local/texlive/2017/texmf-dist/fo
nts/type1/public/amsfonts/cm/cmmi8.pfb></usr/local/texlive/2017/texmf-dist/font
s/type1/public/amsfonts/cm/cmr12.pfb></usr/local/texlive/2017/texmf-dist/fonts/
type1/public/amsfonts/cm/cmr17.pfb></usr/local/texlive/2017/texmf-dist/fonts/ty
pe1/public/amsfonts/cm/cmsy10.pfb></usr/local/texlive/2017/texmf-dist/fonts/typ
e1/public/amsfonts/cm/cmsy8.pfb></usr/local/texlive/2017/texmf-dist/fonts/type1
/public/amsfonts/cm/cmti12.pfb>
Output written on roughdraft.pdf (5 pages, 118791 bytes).
PDF statistics:
 52 PDF objects out of 1000 (max. 8388607)
 36 compressed objects within 1 object stream
 0 named destinations out of 1000 (max. 500000)
 1 words of extra memory for PDF output out of 10000 (max. 10000000)

